A D/alternative_splicing////
A D/analysis_description////
A D/anopheles_scripts////
A D/archive////
A D/assembly////
A D/assembly_patches////
A D/attribute_types////
A D/binary_delta////
A D/canonical_transcripts////
A D/chain////
A D/chimp////
A D/das_client////
A D/db////
A D/density_feature////
A D/dna_match////
A D/ePCR_snapshot////
A D/ebi_search_dump////
A D/embl_annotation////
A D/external_db////
A D/fpc////
A D/gene_description////
A D/golden_path////
A D/gtf_dump////
A D/id_mapping////
A D/idmap2////
A D/idmapping////
A D/load_databases////
A D/markers////
A D/meta_coord////
A D/misc_feature////
A D/mouse_knockouts////
A D/mouse_reads////
A D/new_freeze////
A D/ontology////
A D/probe_mapping////
A D/production_database////
A D/protein_annotation////
A D/protein_match////
A D/qtl////
A D/regulatory_regions////
A D/repeats////
A D/surgery////
A D/test////
A D/text_retrieval////
A D/unmapped_reason////
A D/user_requests////
A D/utilities////
A D/variation////
A D/xref_mapping////
A D/xref_projection////
R D/user_requests////
R D/text_retrieval////
R D/test////
R D/protein_match////
R D/protein_annotation////
R D/probe_mapping////
R D/new_freeze////
R D/mouse_reads////
R D/markers////
R D/idmapping////
R D/idmap2////
R D/gtf_dump////
R D/gene_description////
R D/fpc////
R D/embl_annotation////
R D/ePCR_snapshot////
R D/dna_match////
R D/das_client////
R D/binary_delta////
R D/archive////
